<?xml version="1.0" encoding="UTF-8"?>
<!-- Generated by org.testng.reporters.JUnitXMLReporter -->
<testsuite ignored="3" hostname="Cheryl" failures="0" tests="1" name="Test2" time="34.6" errors="0" timestamp="2023-01-25T19:31:43 IST">
  <testcase classname="com.obsqura.testscripts.LoginTest" name="login" time="8.848"/>
  <testcase classname="com.obsqura.testscripts.LoginTest" name="CheckloginwithWrongPassWord" time="0.0">
    <ignored/>
  </testcase> <!-- CheckloginwithWrongPassWord -->
  <testcase classname="com.obsqura.testscripts.LoginTest" name="CheckloginwithWrongUserName" time="0.0">
    <ignored/>
  </testcase> <!-- CheckloginwithWrongUserName -->
  <testcase classname="com.obsqura.testscripts.LoginTest" name="Checklogout" time="0.0">
    <ignored/>
  </testcase> <!-- Checklogout -->
</testsuite> <!-- Test2 -->
